<?xml version="1.0" encoding="UTF-8"?>
<!-- Generated by org.testng.reporters.JUnitReportReporter -->
<testsuite hostname="DESKTOP-J81GBTP" failures="0" tests="1" name="runner.RunTest" time="4.590" errors="0" timestamp="2025-02-22T20:40:16 IST" skipped="0">
  <testcase classname="runner.RunTest" name="runScenario" time="4.590"/>
</testsuite> <!-- runner.RunTest -->
