<?xml version="1.0" encoding="UTF-8"?>
<!-- Generated by org.testng.reporters.JUnitReportReporter -->
<testsuite hostname="DESKTOP-J81GBTP" failures="0" tests="1" name="hooks.SetUp" time="6.522" errors="0" timestamp="2025-02-22T19:27:02 IST" skipped="0">
  <testcase classname="hooks.SetUp" name="setUp" time="6.522"/>
</testsuite> <!-- hooks.SetUp -->
